
node:internal/modules/cjs/loader:1423
  throw err;
  ^

Error: Cannot find module 'ts-node/register'
Require stack:
- internal/preload
    at Module._resolveFilename (node:internal/modules/cjs/loader:1420:15)
    at defaultResolveImpl (node:internal/modules/cjs/loader:1058:19)
    at resolveForCJSWithHooks (node:internal/modules/cjs/loader:1063:22)
    at Module._load (node:internal/modules/cjs/loader:1226:37)
    at TracingChannel.traceSync (node:diagnostics_channel:328:14)
    at wrapModuleLoad (node:internal/modules/cjs/loader:244:24)
    at Module.require (node:internal/modules/cjs/loader:1503:12)
    at node:internal/modules/cjs/loader:2046:12
    at loadPreloadModules (node:internal/process/pre_execution:686:5)
    at setupUserModules (node:internal/process/pre_execution:205:5) {
  code: 'MODULE_NOT_FOUND',
  requireStack: [ 'internal/preload' ]
}

Node.js v24.9.0
node:internal/modules/cjs/loader:1423
  throw err;
  ^

Error: Cannot find module 'ts-node/register'
Require stack:
- internal/preload
    at Module._resolveFilename (node:internal/modules/cjs/loader:1420:15)
    at defaultResolveImpl (node:internal/modules/cjs/loader:1058:19)
    at resolveForCJSWithHooks (node:internal/modules/cjs/loader:1063:22)
    at Module._load (node:internal/modules/cjs/loader:1226:37)
    at TracingChannel.traceSync (node:diagnostics_channel:328:14)
    at wrapModuleLoad (node:internal/modules/cjs/loader:244:24)
    at Module.require (node:internal/modules/cjs/loader:1503:12)
    at node:internal/modules/cjs/loader:2046:12
    at loadPreloadModules (node:internal/process/pre_execution:686:5)
    at setupUserModules (node:internal/process/pre_execution:205:5) {
  code: 'MODULE_NOT_FOUND',
  requireStack: [ 'internal/preload' ]
}

Node.js v24.9.0
node:internal/modules/cjs/loader:1423
  throw err;
  ^

Error: Cannot find module 'ts-node/register'
Require stack:
- internal/preload
    at Module._resolveFilename (node:internal/modules/cjs/loader:1420:15)
    at defaultResolveImpl (node:internal/modules/cjs/loader:1058:19)
    at resolveForCJSWithHooks (node:internal/modules/cjs/loader:1063:22)
    at Module._load (node:internal/modules/cjs/loader:1226:37)
    at TracingChannel.traceSync (node:diagnostics_channel:328:14)
    at wrapModuleLoad (node:internal/modules/cjs/loader:244:24)
    at Module.require (node:internal/modules/cjs/loader:1503:12)
    at node:internal/modules/cjs/loader:2046:12
    at loadPreloadModules (node:internal/process/pre_execution:686:5)
    at setupUserModules (node:internal/process/pre_execution:205:5) {
  code: 'MODULE_NOT_FOUND',
  requireStack: [ 'internal/preload' ]
}

Node.js v24.9.0
node:internal/modules/cjs/loader:1423
  throw err;
  ^

Error: Cannot find module 'ts-node/register'
Require stack:
- internal/preload
    at Module._resolveFilename (node:internal/modules/cjs/loader:1420:15)
    at defaultResolveImpl (node:internal/modules/cjs/loader:1058:19)
    at resolveForCJSWithHooks (node:internal/modules/cjs/loader:1063:22)
    at Module._load (node:internal/modules/cjs/loader:1226:37)
    at TracingChannel.traceSync (node:diagnostics_channel:328:14)
    at wrapModuleLoad (node:internal/modules/cjs/loader:244:24)
    at Module.require (node:internal/modules/cjs/loader:1503:12)
    at node:internal/modules/cjs/loader:2046:12
    at loadPreloadModules (node:internal/process/pre_execution:686:5)
    at setupUserModules (node:internal/process/pre_execution:205:5) {
  code: 'MODULE_NOT_FOUND',
  requireStack: [ 'internal/preload' ]
}

Node.js v24.9.0
node:internal/modules/cjs/loader:1423
  throw err;
  ^

Error: Cannot find module 'ts-node/register'
Require stack:
- internal/preload
    at Module._resolveFilename (node:internal/modules/cjs/loader:1420:15)
    at defaultResolveImpl (node:internal/modules/cjs/loader:1058:19)
    at resolveForCJSWithHooks (node:internal/modules/cjs/loader:1063:22)
    at Module._load (node:internal/modules/cjs/loader:1226:37)
    at TracingChannel.traceSync (node:diagnostics_channel:328:14)
    at wrapModuleLoad (node:internal/modules/cjs/loader:244:24)
    at Module.require (node:internal/modules/cjs/loader:1503:12)
    at node:internal/modules/cjs/loader:2046:12
    at loadPreloadModules (node:internal/process/pre_execution:686:5)
    at setupUserModules (node:internal/process/pre_execution:205:5) {
  code: 'MODULE_NOT_FOUND',
  requireStack: [ 'internal/preload' ]
}

Node.js v24.9.0
node:internal/modules/cjs/loader:1423
  throw err;
  ^

Error: Cannot find module 'ts-node/register'
Require stack:
- internal/preload
    at Module._resolveFilename (node:internal/modules/cjs/loader:1420:15)
    at defaultResolveImpl (node:internal/modules/cjs/loader:1058:19)
    at resolveForCJSWithHooks (node:internal/modules/cjs/loader:1063:22)
    at Module._load (node:internal/modules/cjs/loader:1226:37)
    at TracingChannel.traceSync (node:diagnostics_channel:328:14)
    at wrapModuleLoad (node:internal/modules/cjs/loader:244:24)
    at Module.require (node:internal/modules/cjs/loader:1503:12)
    at node:internal/modules/cjs/loader:2046:12
    at loadPreloadModules (node:internal/process/pre_execution:686:5)
    at setupUserModules (node:internal/process/pre_execution:205:5) {
  code: 'MODULE_NOT_FOUND',
  requireStack: [ 'internal/preload' ]
}

Node.js v24.9.0
node:internal/modules/cjs/loader:1423
  throw err;
  ^

Error: Cannot find module 'ts-node/register'
Require stack:
- internal/preload
    at Module._resolveFilename (node:internal/modules/cjs/loader:1420:15)
    at defaultResolveImpl (node:internal/modules/cjs/loader:1058:19)
    at resolveForCJSWithHooks (node:internal/modules/cjs/loader:1063:22)
    at Module._load (node:internal/modules/cjs/loader:1226:37)
    at TracingChannel.traceSync (node:diagnostics_channel:328:14)
    at wrapModuleLoad (node:internal/modules/cjs/loader:244:24)
    at Module.require (node:internal/modules/cjs/loader:1503:12)
    at node:internal/modules/cjs/loader:2046:12
    at loadPreloadModules (node:internal/process/pre_execution:686:5)
    at setupUserModules (node:internal/process/pre_execution:205:5) {
  code: 'MODULE_NOT_FOUND',
  requireStack: [ 'internal/preload' ]
}

Node.js v24.9.0
node:internal/modules/cjs/loader:1423
  throw err;
  ^

Error: Cannot find module 'ts-node/register'
Require stack:
- internal/preload
    at Module._resolveFilename (node:internal/modules/cjs/loader:1420:15)
    at defaultResolveImpl (node:internal/modules/cjs/loader:1058:19)
    at resolveForCJSWithHooks (node:internal/modules/cjs/loader:1063:22)
    at Module._load (node:internal/modules/cjs/loader:1226:37)
    at TracingChannel.traceSync (node:diagnostics_channel:328:14)
    at wrapModuleLoad (node:internal/modules/cjs/loader:244:24)
    at Module.require (node:internal/modules/cjs/loader:1503:12)
    at node:internal/modules/cjs/loader:2046:12
    at loadPreloadModules (node:internal/process/pre_execution:686:5)
    at setupUserModules (node:internal/process/pre_execution:205:5) {
  code: 'MODULE_NOT_FOUND',
  requireStack: [ 'internal/preload' ]
}

Node.js v24.9.0
node:internal/modules/cjs/loader:1423
  throw err;
  ^

Error: Cannot find module 'ts-node/register'
Require stack:
- internal/preload
    at Module._resolveFilename (node:internal/modules/cjs/loader:1420:15)
    at defaultResolveImpl (node:internal/modules/cjs/loader:1058:19)
    at resolveForCJSWithHooks (node:internal/modules/cjs/loader:1063:22)
    at Module._load (node:internal/modules/cjs/loader:1226:37)
    at TracingChannel.traceSync (node:diagnostics_channel:328:14)
    at wrapModuleLoad (node:internal/modules/cjs/loader:244:24)
    at Module.require (node:internal/modules/cjs/loader:1503:12)
    at node:internal/modules/cjs/loader:2046:12
    at loadPreloadModules (node:internal/process/pre_execution:686:5)
    at setupUserModules (node:internal/process/pre_execution:205:5) {
  code: 'MODULE_NOT_FOUND',
  requireStack: [ 'internal/preload' ]
}

Node.js v24.9.0
node:internal/modules/cjs/loader:1423
  throw err;
  ^

Error: Cannot find module 'ts-node/register'
Require stack:
- internal/preload
    at Module._resolveFilename (node:internal/modules/cjs/loader:1420:15)
    at defaultResolveImpl (node:internal/modules/cjs/loader:1058:19)
    at resolveForCJSWithHooks (node:internal/modules/cjs/loader:1063:22)
    at Module._load (node:internal/modules/cjs/loader:1226:37)
    at TracingChannel.traceSync (node:diagnostics_channel:328:14)
    at wrapModuleLoad (node:internal/modules/cjs/loader:244:24)
    at Module.require (node:internal/modules/cjs/loader:1503:12)
    at node:internal/modules/cjs/loader:2046:12
    at loadPreloadModules (node:internal/process/pre_execution:686:5)
    at setupUserModules (node:internal/process/pre_execution:205:5) {
  code: 'MODULE_NOT_FOUND',
  requireStack: [ 'internal/preload' ]
}

Node.js v24.9.0
node:internal/modules/cjs/loader:1423
  throw err;
  ^

Error: Cannot find module 'ts-node/register'
Require stack:
- internal/preload
    at Module._resolveFilename (node:internal/modules/cjs/loader:1420:15)
    at defaultResolveImpl (node:internal/modules/cjs/loader:1058:19)
    at resolveForCJSWithHooks (node:internal/modules/cjs/loader:1063:22)
    at Module._load (node:internal/modules/cjs/loader:1226:37)
    at TracingChannel.traceSync (node:diagnostics_channel:328:14)
    at wrapModuleLoad (node:internal/modules/cjs/loader:244:24)
    at Module.require (node:internal/modules/cjs/loader:1503:12)
    at node:internal/modules/cjs/loader:2046:12
    at loadPreloadModules (node:internal/process/pre_execution:686:5)
    at setupUserModules (node:internal/process/pre_execution:205:5) {
  code: 'MODULE_NOT_FOUND',
  requireStack: [ 'internal/preload' ]
}

Node.js v24.9.0
node:internal/modules/cjs/loader:1423
  throw err;
  ^

Error: Cannot find module 'ts-node/register'
Require stack:
- internal/preload
    at Module._resolveFilename (node:internal/modules/cjs/loader:1420:15)
    at defaultResolveImpl (node:internal/modules/cjs/loader:1058:19)
    at resolveForCJSWithHooks (node:internal/modules/cjs/loader:1063:22)
    at Module._load (node:internal/modules/cjs/loader:1226:37)
    at TracingChannel.traceSync (node:diagnostics_channel:328:14)
    at wrapModuleLoad (node:internal/modules/cjs/loader:244:24)
    at Module.require (node:internal/modules/cjs/loader:1503:12)
    at node:internal/modules/cjs/loader:2046:12
    at loadPreloadModules (node:internal/process/pre_execution:686:5)
    at setupUserModules (node:internal/process/pre_execution:205:5) {
  code: 'MODULE_NOT_FOUND',
  requireStack: [ 'internal/preload' ]
}

Node.js v24.9.0
node:internal/modules/cjs/loader:1423
  throw err;
  ^

Error: Cannot find module 'ts-node/register'
Require stack:
- internal/preload
    at Module._resolveFilename (node:internal/modules/cjs/loader:1420:15)
    at defaultResolveImpl (node:internal/modules/cjs/loader:1058:19)
    at resolveForCJSWithHooks (node:internal/modules/cjs/loader:1063:22)
    at Module._load (node:internal/modules/cjs/loader:1226:37)
    at TracingChannel.traceSync (node:diagnostics_channel:328:14)
    at wrapModuleLoad (node:internal/modules/cjs/loader:244:24)
    at Module.require (node:internal/modules/cjs/loader:1503:12)
    at node:internal/modules/cjs/loader:2046:12
    at loadPreloadModules (node:internal/process/pre_execution:686:5)
    at setupUserModules (node:internal/process/pre_execution:205:5) {
  code: 'MODULE_NOT_FOUND',
  requireStack: [ 'internal/preload' ]
}

Node.js v24.9.0
node:internal/modules/cjs/loader:1423
  throw err;
  ^

Error: Cannot find module 'ts-node/register'
Require stack:
- internal/preload
    at Module._resolveFilename (node:internal/modules/cjs/loader:1420:15)
    at defaultResolveImpl (node:internal/modules/cjs/loader:1058:19)
    at resolveForCJSWithHooks (node:internal/modules/cjs/loader:1063:22)
    at Module._load (node:internal/modules/cjs/loader:1226:37)
    at TracingChannel.traceSync (node:diagnostics_channel:328:14)
    at wrapModuleLoad (node:internal/modules/cjs/loader:244:24)
    at Module.require (node:internal/modules/cjs/loader:1503:12)
    at node:internal/modules/cjs/loader:2046:12
    at loadPreloadModules (node:internal/process/pre_execution:686:5)
    at setupUserModules (node:internal/process/pre_execution:205:5) {
  code: 'MODULE_NOT_FOUND',
  requireStack: [ 'internal/preload' ]
}

Node.js v24.9.0
node:internal/modules/cjs/loader:1423
  throw err;
  ^

Error: Cannot find module 'ts-node/register'
Require stack:
- internal/preload
    at Module._resolveFilename (node:internal/modules/cjs/loader:1420:15)
    at defaultResolveImpl (node:internal/modules/cjs/loader:1058:19)
    at resolveForCJSWithHooks (node:internal/modules/cjs/loader:1063:22)
    at Module._load (node:internal/modules/cjs/loader:1226:37)
    at TracingChannel.traceSync (node:diagnostics_channel:328:14)
    at wrapModuleLoad (node:internal/modules/cjs/loader:244:24)
    at Module.require (node:internal/modules/cjs/loader:1503:12)
    at node:internal/modules/cjs/loader:2046:12
    at loadPreloadModules (node:internal/process/pre_execution:686:5)
    at setupUserModules (node:internal/process/pre_execution:205:5) {
  code: 'MODULE_NOT_FOUND',
  requireStack: [ 'internal/preload' ]
}

Node.js v24.9.0
node:internal/modules/cjs/loader:1423
  throw err;
  ^

Error: Cannot find module 'ts-node/register'
Require stack:
- internal/preload
    at Module._resolveFilename (node:internal/modules/cjs/loader:1420:15)
    at defaultResolveImpl (node:internal/modules/cjs/loader:1058:19)
    at resolveForCJSWithHooks (node:internal/modules/cjs/loader:1063:22)
    at Module._load (node:internal/modules/cjs/loader:1226:37)
    at TracingChannel.traceSync (node:diagnostics_channel:328:14)
    at wrapModuleLoad (node:internal/modules/cjs/loader:244:24)
    at Module.require (node:internal/modules/cjs/loader:1503:12)
    at node:internal/modules/cjs/loader:2046:12
    at loadPreloadModules (node:internal/process/pre_execution:686:5)
    at setupUserModules (node:internal/process/pre_execution:205:5) {
  code: 'MODULE_NOT_FOUND',
  requireStack: [ 'internal/preload' ]
}

Node.js v24.9.0
Error: MongoDB connection string not defined
Error: MongoDB connection string not defined
Error: MongoDB connection string not defined
Error: MongoDB connection string not defined
Error: MongoDB connection string not defined
Error: MongoDB connection string not defined
Error: MongoDB connection string not defined
Error: MongoDB connection string not defined
Error: MongoDB connection string not defined
Error: MongoDB connection string not defined
Error: MongoDB connection string not defined
Error: MongoDB connection string not defined
Error: MongoDB connection string not defined
Error: MongoDB connection string not defined
Error: MongoDB connection string not defined
Error: MongoDB connection string not defined
Error: MongoDB connection string not defined
Error: MongoDB connection string not defined
Error: MongoDB connection string not defined
Error: MongoDB connection string not defined
Error: MongoDB connection string not defined
Error: MongoDB connection string not defined
Error: MongoDB connection string not defined
Error: MongoDB connection string not defined
Error: MongoDB connection string not defined
Error: MongoDB connection string not defined
Error: MongoDB connection string not defined
Error: MongoDB connection string not defined
Error: MongoDB connection string not defined
Error: MongoDB connection string not defined
Error: MongoDB connection string not defined
Error: MongoDB connection string not defined
Error: MongoDB connection string not defined
Error: MongoDB connection string not defined
